Input driver version is 1.0.1
Input device ID: bus 0x5 vendor 0xffff product 0x0 version 0x100
Input device name: "JX-05"
Supported events:
  Event type 0 (EV_SYN)
  Event type 1 (EV_KEY)
    Event code 330 (BTN_TOUCH)
  Event type 3 (EV_ABS)
    Event code 0 (ABS_X)
      Value    880
      Min        0
      Max     4095
    Event code 1 (ABS_Y)
      Value   2300
      Min        0
      Max     4095
    Event code 47 (ABS_MT_SLOT)
      Value      0
      Min        0
      Max        9
    Event code 53 (ABS_MT_POSITION_X)
      Value      0
      Min        0
      Max     4095
    Event code 54 (ABS_MT_POSITION_Y)
      Value      0
      Min        0
      Max     4095
    Event code 57 (ABS_MT_TRACKING_ID)
      Value      0
      Min        0
      Max    65535
Properties:
  Property type 1 (INPUT_PROP_DIRECT)
Testing ... (interrupt to exit)
Event: time 1756318881.835592, type 3 (EV_ABS), code 57 (ABS_MT_TRACKING_ID), value 15
Event: time 1756318881.835592, type 3 (EV_ABS), code 54 (ABS_MT_POSITION_Y), value 1012
Event: time 1756318881.835592, type 1 (EV_KEY), code 330 (BTN_TOUCH), value 1
Event: time 1756318881.835592, type 3 (EV_ABS), code 1 (ABS_Y), value 1012
Event: time 1756318881.835592, -------------- SYN_REPORT ------------
Event: time 1756318881.869328, type 3 (EV_ABS), code 54 (ABS_MT_POSITION_Y), value 1100
Event: time 1756318881.869328, type 3 (EV_ABS), code 1 (ABS_Y), value 1100
Event: time 1756318881.869328, -------------- SYN_REPORT ------------
Event: time 1756318881.891860, type 3 (EV_ABS), code 54 (ABS_MT_POSITION_Y), value 1400
Event: time 1756318881.891860, type 3 (EV_ABS), code 1 (ABS_Y), value 1400
Event: time 1756318881.891860, -------------- SYN_REPORT ------------
Event: time 1756318881.925583, type 3 (EV_ABS), code 54 (ABS_MT_POSITION_Y), value 1700
Event: time 1756318881.925583, type 3 (EV_ABS), code 1 (ABS_Y), value 1700
Event: time 1756318881.925583, -------------- SYN_REPORT ------------
Event: time 1756318881.959503, type 3 (EV_ABS), code 54 (ABS_MT_POSITION_Y), value 2000
Event: time 1756318881.959503, type 3 (EV_ABS), code 1 (ABS_Y), value 2000
Event: time 1756318881.959503, -------------- SYN_REPORT ------------
Event: time 1756318881.982027, type 3 (EV_ABS), code 54 (ABS_MT_POSITION_Y), value 2300
Event: time 1756318881.982027, type 3 (EV_ABS), code 1 (ABS_Y), value 2300
Event: time 1756318881.982027, -------------- SYN_REPORT ------------
Event: time 1756318882.038292, type 3 (EV_ABS), code 54 (ABS_MT_POSITION_Y), value 2600
Event: time 1756318882.038292, type 3 (EV_ABS), code 1 (ABS_Y), value 2600
Event: time 1756318882.038292, -------------- SYN_REPORT ------------
Event: time 1756318882.039891, type 3 (EV_ABS), code 54 (ABS_MT_POSITION_Y), value 2900
Event: time 1756318882.039891, type 3 (EV_ABS), code 1 (ABS_Y), value 2900
Event: time 1756318882.039891, -------------- SYN_REPORT ------------
Event: time 1756318882.072034, type 3 (EV_ABS), code 54 (ABS_MT_POSITION_Y), value 3200
Event: time 1756318882.072034, type 3 (EV_ABS), code 1 (ABS_Y), value 3200
Event: time 1756318882.072034, -------------- SYN_REPORT ------------
Event: time 1756318882.116907, type 3 (EV_ABS), code 57 (ABS_MT_TRACKING_ID), value -1
Event: time 1756318882.116907, type 1 (EV_KEY), code 330 (BTN_TOUCH), value 0
Event: time 1756318882.116907, -------------- SYN_REPORT ------------
Event: time 1756318886.886891, type 3 (EV_ABS), code 57 (ABS_MT_TRACKING_ID), value 16
Event: time 1756318886.886891, type 3 (EV_ABS), code 53 (ABS_MT_POSITION_X), value 1877
Event: time 1756318886.886891, type 3 (EV_ABS), code 54 (ABS_MT_POSITION_Y), value 2672
Event: time 1756318886.886891, type 1 (EV_KEY), code 330 (BTN_TOUCH), value 1
Event: time 1756318886.886891, type 3 (EV_ABS), code 0 (ABS_X), value 1877
Event: time 1756318886.886891, type 3 (EV_ABS), code 1 (ABS_Y), value 2672
Event: time 1756318886.886891, -------------- SYN_REPORT ------------
Event: time 1756318886.909348, type 3 (EV_ABS), code 53 (ABS_MT_POSITION_X), value 1621
Event: time 1756318886.909348, type 3 (EV_ABS), code 0 (ABS_X), value 1621
Event: time 1756318886.909348, -------------- SYN_REPORT ------------
Event: time 1756318886.943132, type 3 (EV_ABS), code 53 (ABS_MT_POSITION_X), value 1365
Event: time 1756318886.943132, type 3 (EV_ABS), code 0 (ABS_X), value 1365
Event: time 1756318886.943132, -------------- SYN_REPORT ------------
Event: time 1756318886.978371, type 3 (EV_ABS), code 53 (ABS_MT_POSITION_X), value 1280
Event: time 1756318886.978371, type 3 (EV_ABS), code 0 (ABS_X), value 1280
Event: time 1756318886.978371, -------------- SYN_REPORT ------------
Event: time 1756318886.999371, type 3 (EV_ABS), code 53 (ABS_MT_POSITION_X), value 1088
Event: time 1756318886.999371, type 3 (EV_ABS), code 0 (ABS_X), value 1088
Event: time 1756318886.999371, -------------- SYN_REPORT ------------
Event: time 1756318887.033085, type 3 (EV_ABS), code 53 (ABS_MT_POSITION_X), value 788
Event: time 1756318887.033085, type 3 (EV_ABS), code 0 (ABS_X), value 788
Event: time 1756318887.033085, -------------- SYN_REPORT ------------
Event: time 1756318887.066819, type 3 (EV_ABS), code 53 (ABS_MT_POSITION_X), value 744
Event: time 1756318887.066819, type 3 (EV_ABS), code 0 (ABS_X), value 744
Event: time 1756318887.066819, -------------- SYN_REPORT ------------
Event: time 1756318887.089340, type 3 (EV_ABS), code 53 (ABS_MT_POSITION_X), value 444
Event: time 1756318887.089340, type 3 (EV_ABS), code 0 (ABS_X), value 444
Event: time 1756318887.089340, -------------- SYN_REPORT ------------
Event: time 1756318887.123088, type 3 (EV_ABS), code 53 (ABS_MT_POSITION_X), value 256
Event: time 1756318887.123088, type 3 (EV_ABS), code 0 (ABS_X), value 256
Event: time 1756318887.123088, -------------- SYN_REPORT ------------
Event: time 1756318887.156855, type 3 (EV_ABS), code 57 (ABS_MT_TRACKING_ID), value -1
Event: time 1756318887.156855, type 1 (EV_KEY), code 330 (BTN_TOUCH), value 0
Event: time 1756318887.156855, -------------- SYN_REPORT ------------
Event: time 1756318891.690636, type 3 (EV_ABS), code 57 (ABS_MT_TRACKING_ID), value 17
Event: time 1756318891.690636, type 3 (EV_ABS), code 53 (ABS_MT_POSITION_X), value 880
Event: time 1756318891.690636, type 3 (EV_ABS), code 54 (ABS_MT_POSITION_Y), value 2300
Event: time 1756318891.690636, type 1 (EV_KEY), code 330 (BTN_TOUCH), value 1
Event: time 1756318891.690636, type 3 (EV_ABS), code 0 (ABS_X), value 880
Event: time 1756318891.690636, type 3 (EV_ABS), code 1 (ABS_Y), value 2300
Event: time 1756318891.690636, -------------- SYN_REPORT ------------
Event: time 1756318891.713371, type 3 (EV_ABS), code 54 (ABS_MT_POSITION_Y), value 2000
Event: time 1756318891.713371, type 3 (EV_ABS), code 1 (ABS_Y), value 2000
Event: time 1756318891.713371, -------------- SYN_REPORT ------------
Event: time 1756318891.735647, type 3 (EV_ABS), code 54 (ABS_MT_POSITION_Y), value 1700
Event: time 1756318891.735647, type 3 (EV_ABS), code 1 (ABS_Y), value 1700
Event: time 1756318891.735647, -------------- SYN_REPORT ------------
Event: time 1756318891.769415, type 3 (EV_ABS), code 54 (ABS_MT_POSITION_Y), value 1400
Event: time 1756318891.769415, type 3 (EV_ABS), code 1 (ABS_Y), value 1400
Event: time 1756318891.769415, -------------- SYN_REPORT ------------
Event: time 1756318891.803119, type 3 (EV_ABS), code 54 (ABS_MT_POSITION_Y), value 1100
Event: time 1756318891.803119, type 3 (EV_ABS), code 1 (ABS_Y), value 1100
Event: time 1756318891.803119, -------------- SYN_REPORT ------------
Event: time 1756318891.825617, type 3 (EV_ABS), code 54 (ABS_MT_POSITION_Y), value 800
Event: time 1756318891.825617, type 3 (EV_ABS), code 1 (ABS_Y), value 800
Event: time 1756318891.825617, -------------- SYN_REPORT ------------
Event: time 1756318891.859378, type 3 (EV_ABS), code 54 (ABS_MT_POSITION_Y), value 500
Event: time 1756318891.859378, type 3 (EV_ABS), code 1 (ABS_Y), value 500
Event: time 1756318891.859378, -------------- SYN_REPORT ------------
Event: time 1756318891.893169, type 3 (EV_ABS), code 57 (ABS_MT_TRACKING_ID), value -1
Event: time 1756318891.893169, type 1 (EV_KEY), code 330 (BTN_TOUCH), value 0
Event: time 1756318891.893169, -------------- SYN_REPORT ------------
Event: time 1756318895.234358, type 3 (EV_ABS), code 57 (ABS_MT_TRACKING_ID), value 18
Event: time 1756318895.234358, type 3 (EV_ABS), code 53 (ABS_MT_POSITION_X), value 436
Event: time 1756318895.234358, type 3 (EV_ABS), code 54 (ABS_MT_POSITION_Y), value 2672
Event: time 1756318895.234358, type 1 (EV_KEY), code 330 (BTN_TOUCH), value 1
Event: time 1756318895.234358, type 3 (EV_ABS), code 0 (ABS_X), value 436
Event: time 1756318895.234358, type 3 (EV_ABS), code 1 (ABS_Y), value 2672
Event: time 1756318895.234358, -------------- SYN_REPORT ------------
Event: time 1756318895.268170, type 3 (EV_ABS), code 53 (ABS_MT_POSITION_X), value 738
Event: time 1756318895.268170, type 3 (EV_ABS), code 0 (ABS_X), value 738
Event: time 1756318895.268170, -------------- SYN_REPORT ------------
Event: time 1756318895.290650, type 3 (EV_ABS), code 53 (ABS_MT_POSITION_X), value 782
Event: time 1756318895.290650, type 3 (EV_ABS), code 0 (ABS_X), value 782
Event: time 1756318895.290650, -------------- SYN_REPORT ------------
Event: time 1756318895.324411, type 3 (EV_ABS), code 53 (ABS_MT_POSITION_X), value 1082
Event: time 1756318895.324411, type 3 (EV_ABS), code 0 (ABS_X), value 1082
Event: time 1756318895.324411, -------------- SYN_REPORT ------------
Event: time 1756318895.358151, type 3 (EV_ABS), code 53 (ABS_MT_POSITION_X), value 1638
Event: time 1756318895.358151, type 3 (EV_ABS), code 0 (ABS_X), value 1638
Event: time 1756318895.358151, -------------- SYN_REPORT ------------
Event: time 1756318895.380635, type 3 (EV_ABS), code 53 (ABS_MT_POSITION_X), value 2194
Event: time 1756318895.380635, type 3 (EV_ABS), code 0 (ABS_X), value 2194
Event: time 1756318895.380635, -------------- SYN_REPORT ------------
Event: time 1756318895.414398, type 3 (EV_ABS), code 53 (ABS_MT_POSITION_X), value 2494
Event: time 1756318895.414398, type 3 (EV_ABS), code 0 (ABS_X), value 2494
Event: time 1756318895.414398, -------------- SYN_REPORT ------------
Event: time 1756318895.436911, type 3 (EV_ABS), code 53 (ABS_MT_POSITION_X), value 2794
Event: time 1756318895.436911, type 3 (EV_ABS), code 0 (ABS_X), value 2794
Event: time 1756318895.436911, -------------- SYN_REPORT ------------
Event: time 1756318895.470650, type 3 (EV_ABS), code 57 (ABS_MT_TRACKING_ID), value -1
Event: time 1756318895.470650, type 1 (EV_KEY), code 330 (BTN_TOUCH), value 0
Event: time 1756318895.470650, -------------- SYN_REPORT ------------
Event: time 1756318903.683191, type 3 (EV_ABS), code 57 (ABS_MT_TRACKING_ID), value 19
Event: time 1756318903.683191, type 3 (EV_ABS), code 53 (ABS_MT_POSITION_X), value 880
Event: time 1756318903.683191, type 3 (EV_ABS), code 54 (ABS_MT_POSITION_Y), value 1012
Event: time 1756318903.683191, type 1 (EV_KEY), code 330 (BTN_TOUCH), value 1
Event: time 1756318903.683191, type 3 (EV_ABS), code 0 (ABS_X), value 880
Event: time 1756318903.683191, type 3 (EV_ABS), code 1 (ABS_Y), value 1012
Event: time 1756318903.683191, -------------- SYN_REPORT ------------
Event: time 1756318903.716914, type 3 (EV_ABS), code 54 (ABS_MT_POSITION_Y), value 1100
Event: time 1756318903.716914, type 3 (EV_ABS), code 1 (ABS_Y), value 1100
Event: time 1756318903.716914, -------------- SYN_REPORT ------------
Event: time 1756318903.728218, type 3 (EV_ABS), code 54 (ABS_MT_POSITION_Y), value 1400
Event: time 1756318903.728218, type 3 (EV_ABS), code 1 (ABS_Y), value 1400
Event: time 1756318903.728218, -------------- SYN_REPORT ------------
Event: time 1756318903.773248, type 3 (EV_ABS), code 54 (ABS_MT_POSITION_Y), value 1700
Event: time 1756318903.773248, type 3 (EV_ABS), code 1 (ABS_Y), value 1700
Event: time 1756318903.773248, -------------- SYN_REPORT ------------
Event: time 1756318903.795713, type 3 (EV_ABS), code 54 (ABS_MT_POSITION_Y), value 2000
Event: time 1756318903.795713, type 3 (EV_ABS), code 1 (ABS_Y), value 2000
Event: time 1756318903.795713, -------------- SYN_REPORT ------------
Event: time 1756318903.818175, type 3 (EV_ABS), code 54 (ABS_MT_POSITION_Y), value 2300
Event: time 1756318903.818175, type 3 (EV_ABS), code 1 (ABS_Y), value 2300
Event: time 1756318903.818175, -------------- SYN_REPORT ------------
Event: time 1756318903.863166, type 3 (EV_ABS), code 54 (ABS_MT_POSITION_Y), value 2600
Event: time 1756318903.863166, type 3 (EV_ABS), code 1 (ABS_Y), value 2600
Event: time 1756318903.863166, -------------- SYN_REPORT ------------
Event: time 1756318903.885733, type 3 (EV_ABS), code 54 (ABS_MT_POSITION_Y), value 2900
Event: time 1756318903.885733, type 3 (EV_ABS), code 1 (ABS_Y), value 2900
Event: time 1756318903.885733, -------------- SYN_REPORT ------------
Event: time 1756318903.908190, type 3 (EV_ABS), code 54 (ABS_MT_POSITION_Y), value 3200
Event: time 1756318903.908190, type 3 (EV_ABS), code 1 (ABS_Y), value 3200
Event: time 1756318903.908190, -------------- SYN_REPORT ------------
Event: time 1756318903.942091, type 3 (EV_ABS), code 57 (ABS_MT_TRACKING_ID), value -1
Event: time 1756318903.942091, type 1 (EV_KEY), code 330 (BTN_TOUCH), value 0
Event: time 1756318903.942091, -------------- SYN_REPORT ------------
Event: time 1756318907.182025, type 3 (EV_ABS), code 57 (ABS_MT_TRACKING_ID), value 20
Event: time 1756318907.182025, type 3 (EV_ABS), code 54 (ABS_MT_POSITION_Y), value 2300
Event: time 1756318907.182025, type 1 (EV_KEY), code 330 (BTN_TOUCH), value 1
Event: time 1756318907.182025, type 3 (EV_ABS), code 1 (ABS_Y), value 2300
Event: time 1756318907.182025, -------------- SYN_REPORT ------------
Event: time 1756318907.204494, type 3 (EV_ABS), code 57 (ABS_MT_TRACKING_ID), value -1
Event: time 1756318907.204494, type 1 (EV_KEY), code 330 (BTN_TOUCH), value 0
Event: time 1756318907.204494, -------------- SYN_REPORT ------------
